2019-07-07 01:32:56,884 - Log4JLogChute initialized using file 'velocity.log'
2019-07-07 01:32:56,884 - Velocity was not initialized! Calling init()...
2019-07-07 01:32:56,884 - Starting Apache Velocity v1.5 (compiled: 2007-02-22 08:52:29)
2019-07-07 01:32:56,884 - Default Properties File: org/apache/velocity/runtime/defaults/velocity.properties
2019-07-07 01:32:56,884 - Trying to use logger class org.apache.velocity.runtime.log.AvalonLogChute
2019-07-07 01:32:56,884 - Couldn't find class org.apache.velocity.runtime.log.AvalonLogChute or necessary supporting classes in classpath.
java.lang.NoClassDefFoundError: org/apache/log/format/Formatter
	at java.lang.Class.forName0(Native Method)
	at java.lang.Class.forName(Class.java:348)
	at org.apache.velocity.util.ClassUtils.getClass(ClassUtils.java:63)
	at org.apache.velocity.util.ClassUtils.getNewInstance(ClassUtils.java:95)
	at org.apache.velocity.runtime.log.LogManager.createLogChute(LogManager.java:147)
	at org.apache.velocity.runtime.log.LogManager.updateLog(LogManager.java:208)
	at org.apache.velocity.runtime.RuntimeInstance.initializeLog(RuntimeInstance.java:728)
	at org.apache.velocity.runtime.RuntimeInstance.init(RuntimeInstance.java:240)
	at org.apache.velocity.runtime.RuntimeInstance.parse(RuntimeInstance.java:993)
	at org.apache.velocity.runtime.RuntimeInstance.parse(RuntimeInstance.java:972)
	at org.apache.velocity.runtime.RuntimeSingleton.parse(RuntimeSingleton.java:265)
	at org.apache.velocity.app.Velocity.evaluate(Velocity.java:274)
	at com.maestro.alala.quickstart_maestro.weather.WeatherFormatter.format(WeatherFormatter.java:30)
	at com.maestro.alala.quickstart_maestro.weather.WeatherService.retrieveForecast(WeatherService.java:18)
	at com.maestro.alala.web.WeatherServlet.doGet(WeatherServlet.java:25)
	at javax.servlet.http.HttpServlet.service(HttpServlet.java:735)
	at javax.servlet.http.HttpServlet.service(HttpServlet.java:848)
	at org.eclipse.jetty.servlet.ServletHolder.handle(ServletHolder.java:684)
	at org.eclipse.jetty.servlet.ServletHandler.doHandle(ServletHandler.java:503)
	at org.eclipse.jetty.server.handler.ScopedHandler.handle(ScopedHandler.java:137)
	at org.eclipse.jetty.security.SecurityHandler.handle(SecurityHandler.java:557)
	at org.eclipse.jetty.server.session.SessionHandler.doHandle(SessionHandler.java:231)
	at org.eclipse.jetty.server.handler.ContextHandler.doHandle(ContextHandler.java:1086)
	at org.eclipse.jetty.servlet.ServletHandler.doScope(ServletHandler.java:429)
	at org.eclipse.jetty.server.session.SessionHandler.doScope(SessionHandler.java:193)
	at org.eclipse.jetty.server.handler.ContextHandler.doScope(ContextHandler.java:1020)
	at org.eclipse.jetty.server.handler.ScopedHandler.handle(ScopedHandler.java:135)
	at org.eclipse.jetty.server.handler.ContextHandlerCollection.handle(ContextHandlerCollection.java:255)
	at org.eclipse.jetty.server.handler.HandlerCollection.handle(HandlerCollection.java:154)
	at org.eclipse.jetty.server.handler.HandlerWrapper.handle(HandlerWrapper.java:116)
	at org.eclipse.jetty.server.Server.handle(Server.java:370)
	at org.eclipse.jetty.server.AbstractHttpConnection.handleRequest(AbstractHttpConnection.java:494)
	at org.eclipse.jetty.server.AbstractHttpConnection.headerComplete(AbstractHttpConnection.java:971)
	at org.eclipse.jetty.server.AbstractHttpConnection$RequestHandler.headerComplete(AbstractHttpConnection.java:1033)
	at org.eclipse.jetty.http.HttpParser.parseNext(HttpParser.java:644)
	at org.eclipse.jetty.http.HttpParser.parseAvailable(HttpParser.java:235)
	at org.eclipse.jetty.server.AsyncHttpConnection.handle(AsyncHttpConnection.java:82)
	at org.eclipse.jetty.io.nio.SelectChannelEndPoint.handle(SelectChannelEndPoint.java:696)
	at org.eclipse.jetty.io.nio.SelectChannelEndPoint$1.run(SelectChannelEndPoint.java:53)
	at org.eclipse.jetty.util.thread.QueuedThreadPool.runJob(QueuedThreadPool.java:608)
	at org.eclipse.jetty.util.thread.QueuedThreadPool$3.run(QueuedThreadPool.java:543)
	at java.lang.Thread.run(Thread.java:748)
Caused by: java.lang.ClassNotFoundException: org.apache.log.format.Formatter
	at org.codehaus.plexus.classworlds.strategy.SelfFirstStrategy.loadClass(SelfFirstStrategy.java:50)
	at org.codehaus.plexus.classworlds.realm.ClassRealm.unsynchronizedLoadClass(ClassRealm.java:271)
	at org.codehaus.plexus.classworlds.realm.ClassRealm.loadClass(ClassRealm.java:247)
	at org.codehaus.plexus.classworlds.realm.ClassRealm.loadClass(ClassRealm.java:239)
	at org.eclipse.jetty.webapp.WebAppClassLoader.loadClass(WebAppClassLoader.java:430)
	at org.eclipse.jetty.webapp.WebAppClassLoader.loadClass(WebAppClassLoader.java:383)
	... 42 more
2019-07-07 01:32:56,885 - Trying to use logger class org.apache.velocity.runtime.log.Log4JLogChute
2019-07-07 01:32:56,885 - Using logger class org.apache.velocity.runtime.log.Log4JLogChute
2019-07-07 01:32:56,886 - Default ResourceManager initializing. (class org.apache.velocity.runtime.resource.ResourceManagerImpl)
2019-07-07 01:32:56,887 - ResourceLoader instantiated: org.apache.velocity.runtime.resource.loader.FileResourceLoader
2019-07-07 01:32:56,888 - Do unicode file recognition:  false
2019-07-07 01:32:56,888 - FileResourceLoader : adding path '.'
2019-07-07 01:32:56,893 - ResourceCache: initialized (class org.apache.velocity.runtime.resource.ResourceCacheImpl)
2019-07-07 01:32:56,894 - Loaded System Directive: org.apache.velocity.runtime.directive.Literal
2019-07-07 01:32:56,894 - Loaded System Directive: org.apache.velocity.runtime.directive.Macro
2019-07-07 01:32:56,895 - Loaded System Directive: org.apache.velocity.runtime.directive.Parse
2019-07-07 01:32:56,895 - Loaded System Directive: org.apache.velocity.runtime.directive.Include
2019-07-07 01:32:56,896 - Loaded System Directive: org.apache.velocity.runtime.directive.Foreach
2019-07-07 01:32:56,908 - Created '20' parsers.
2019-07-07 01:32:56,910 - Velocimacro : "velocimacro.library" is not set.  Trying default library: VM_global_library.vm
2019-07-07 01:32:56,910 - Velocimacro : Default library not found.
2019-07-07 01:32:56,910 - Velocimacro : allowInline = true : VMs can be defined inline in templates
2019-07-07 01:32:56,910 - Velocimacro : allowInlineToOverride = false : VMs defined inline may NOT replace previous VM definitions
2019-07-07 01:32:56,911 - Velocimacro : allowInlineLocal = false : VMs defined inline will be global in scope if allowed.
2019-07-07 01:32:56,911 - Velocimacro : autoload off : VM system will not automatically reload global library macros
2019-07-07 02:21:18,073 - Log4JLogChute initialized using file 'velocity.log'
2019-07-07 02:21:18,073 - Velocity was not initialized! Calling init()...
2019-07-07 02:21:18,073 - Starting Apache Velocity v1.5 (compiled: 2007-02-22 08:52:29)
2019-07-07 02:21:18,073 - Default Properties File: org/apache/velocity/runtime/defaults/velocity.properties
2019-07-07 02:21:18,073 - Trying to use logger class org.apache.velocity.runtime.log.AvalonLogChute
2019-07-07 02:21:18,074 - Couldn't find class org.apache.velocity.runtime.log.AvalonLogChute or necessary supporting classes in classpath.
java.lang.NoClassDefFoundError: org/apache/log/format/Formatter
	at java.lang.Class.forName0(Native Method)
	at java.lang.Class.forName(Class.java:348)
	at org.apache.velocity.util.ClassUtils.getClass(ClassUtils.java:63)
	at org.apache.velocity.util.ClassUtils.getNewInstance(ClassUtils.java:95)
	at org.apache.velocity.runtime.log.LogManager.createLogChute(LogManager.java:147)
	at org.apache.velocity.runtime.log.LogManager.updateLog(LogManager.java:208)
	at org.apache.velocity.runtime.RuntimeInstance.initializeLog(RuntimeInstance.java:728)
	at org.apache.velocity.runtime.RuntimeInstance.init(RuntimeInstance.java:240)
	at org.apache.velocity.runtime.RuntimeInstance.parse(RuntimeInstance.java:993)
	at org.apache.velocity.runtime.RuntimeInstance.parse(RuntimeInstance.java:972)
	at org.apache.velocity.runtime.RuntimeSingleton.parse(RuntimeSingleton.java:265)
	at org.apache.velocity.app.Velocity.evaluate(Velocity.java:274)
	at com.maestro.alala.quickstart_maestro.weather.WeatherFormatter.format(WeatherFormatter.java:30)
	at com.maestro.alala.quickstart_maestro.weather.WeatherService.retrieveForecast(WeatherService.java:18)
	at com.maestro.alala.web.WeatherServlet.doGet(WeatherServlet.java:25)
	at javax.servlet.http.HttpServlet.service(HttpServlet.java:735)
	at javax.servlet.http.HttpServlet.service(HttpServlet.java:848)
	at org.eclipse.jetty.servlet.ServletHolder.handle(ServletHolder.java:684)
	at org.eclipse.jetty.servlet.ServletHandler.doHandle(ServletHandler.java:503)
	at org.eclipse.jetty.server.handler.ScopedHandler.handle(ScopedHandler.java:137)
	at org.eclipse.jetty.security.SecurityHandler.handle(SecurityHandler.java:557)
	at org.eclipse.jetty.server.session.SessionHandler.doHandle(SessionHandler.java:231)
	at org.eclipse.jetty.server.handler.ContextHandler.doHandle(ContextHandler.java:1086)
	at org.eclipse.jetty.servlet.ServletHandler.doScope(ServletHandler.java:429)
	at org.eclipse.jetty.server.session.SessionHandler.doScope(SessionHandler.java:193)
	at org.eclipse.jetty.server.handler.ContextHandler.doScope(ContextHandler.java:1020)
	at org.eclipse.jetty.server.handler.ScopedHandler.handle(ScopedHandler.java:135)
	at org.eclipse.jetty.server.handler.ContextHandlerCollection.handle(ContextHandlerCollection.java:255)
	at org.eclipse.jetty.server.handler.HandlerCollection.handle(HandlerCollection.java:154)
	at org.eclipse.jetty.server.handler.HandlerWrapper.handle(HandlerWrapper.java:116)
	at org.eclipse.jetty.server.Server.handle(Server.java:370)
	at org.eclipse.jetty.server.AbstractHttpConnection.handleRequest(AbstractHttpConnection.java:494)
	at org.eclipse.jetty.server.AbstractHttpConnection.headerComplete(AbstractHttpConnection.java:971)
	at org.eclipse.jetty.server.AbstractHttpConnection$RequestHandler.headerComplete(AbstractHttpConnection.java:1033)
	at org.eclipse.jetty.http.HttpParser.parseNext(HttpParser.java:644)
	at org.eclipse.jetty.http.HttpParser.parseAvailable(HttpParser.java:235)
	at org.eclipse.jetty.server.AsyncHttpConnection.handle(AsyncHttpConnection.java:82)
	at org.eclipse.jetty.io.nio.SelectChannelEndPoint.handle(SelectChannelEndPoint.java:696)
	at org.eclipse.jetty.io.nio.SelectChannelEndPoint$1.run(SelectChannelEndPoint.java:53)
	at org.eclipse.jetty.util.thread.QueuedThreadPool.runJob(QueuedThreadPool.java:608)
	at org.eclipse.jetty.util.thread.QueuedThreadPool$3.run(QueuedThreadPool.java:543)
	at java.lang.Thread.run(Thread.java:748)
Caused by: java.lang.ClassNotFoundException: org.apache.log.format.Formatter
	at org.codehaus.plexus.classworlds.strategy.SelfFirstStrategy.loadClass(SelfFirstStrategy.java:50)
	at org.codehaus.plexus.classworlds.realm.ClassRealm.unsynchronizedLoadClass(ClassRealm.java:271)
	at org.codehaus.plexus.classworlds.realm.ClassRealm.loadClass(ClassRealm.java:247)
	at org.codehaus.plexus.classworlds.realm.ClassRealm.loadClass(ClassRealm.java:239)
	at org.eclipse.jetty.webapp.WebAppClassLoader.loadClass(WebAppClassLoader.java:430)
	at org.eclipse.jetty.webapp.WebAppClassLoader.loadClass(WebAppClassLoader.java:383)
	... 42 more
2019-07-07 02:21:18,075 - Trying to use logger class org.apache.velocity.runtime.log.Log4JLogChute
2019-07-07 02:21:18,075 - Using logger class org.apache.velocity.runtime.log.Log4JLogChute
2019-07-07 02:21:18,076 - Default ResourceManager initializing. (class org.apache.velocity.runtime.resource.ResourceManagerImpl)
2019-07-07 02:21:18,077 - ResourceLoader instantiated: org.apache.velocity.runtime.resource.loader.FileResourceLoader
2019-07-07 02:21:18,077 - Do unicode file recognition:  false
2019-07-07 02:21:18,077 - FileResourceLoader : adding path '.'
2019-07-07 02:21:18,082 - ResourceCache: initialized (class org.apache.velocity.runtime.resource.ResourceCacheImpl)
2019-07-07 02:21:18,082 - Loaded System Directive: org.apache.velocity.runtime.directive.Literal
2019-07-07 02:21:18,083 - Loaded System Directive: org.apache.velocity.runtime.directive.Macro
2019-07-07 02:21:18,083 - Loaded System Directive: org.apache.velocity.runtime.directive.Parse
2019-07-07 02:21:18,084 - Loaded System Directive: org.apache.velocity.runtime.directive.Include
2019-07-07 02:21:18,084 - Loaded System Directive: org.apache.velocity.runtime.directive.Foreach
2019-07-07 02:21:18,096 - Created '20' parsers.
2019-07-07 02:21:18,098 - Velocimacro : "velocimacro.library" is not set.  Trying default library: VM_global_library.vm
2019-07-07 02:21:18,098 - Velocimacro : Default library not found.
2019-07-07 02:21:18,098 - Velocimacro : allowInline = true : VMs can be defined inline in templates
2019-07-07 02:21:18,098 - Velocimacro : allowInlineToOverride = false : VMs defined inline may NOT replace previous VM definitions
2019-07-07 02:21:18,098 - Velocimacro : allowInlineLocal = false : VMs defined inline will be global in scope if allowed.
2019-07-07 02:21:18,098 - Velocimacro : autoload off : VM system will not automatically reload global library macros
