Mon Aug 05 23:49:34 EDT 2019  [debug] AvalonLogChute initialized using file 'velocity.log'
Mon Aug 05 23:49:34 EDT 2019  [debug] Velocity was not initialized! Calling init()...
Mon Aug 05 23:49:34 EDT 2019  [trace] *******************************************************************
Mon Aug 05 23:49:34 EDT 2019  [debug] Starting Apache Velocity v1.5 (compiled: 2007-02-22 08:52:29)
Mon Aug 05 23:49:34 EDT 2019  [trace] RuntimeInstance initializing.
Mon Aug 05 23:49:34 EDT 2019  [debug] Default Properties File: org/apache/velocity/runtime/defaults/velocity.properties
Mon Aug 05 23:49:34 EDT 2019  [debug] Trying to use logger class org.apache.velocity.runtime.log.AvalonLogChute
Mon Aug 05 23:49:34 EDT 2019  [debug] Using logger class org.apache.velocity.runtime.log.AvalonLogChute
Mon Aug 05 23:49:34 EDT 2019  [debug] Default ResourceManager initializing. (class org.apache.velocity.runtime.resource.ResourceManagerImpl)
Mon Aug 05 23:49:34 EDT 2019  [debug] ResourceLoader instantiated: org.apache.velocity.runtime.resource.loader.FileResourceLoader
Mon Aug 05 23:49:34 EDT 2019  [trace] FileResourceLoader : initialization starting.
Mon Aug 05 23:49:34 EDT 2019  [debug] Do unicode file recognition:  false
Mon Aug 05 23:49:34 EDT 2019   [info] FileResourceLoader : adding path '.'
Mon Aug 05 23:49:34 EDT 2019  [trace] FileResourceLoader : initialization complete.
Mon Aug 05 23:49:34 EDT 2019  [debug] ResourceCache: initialized (class org.apache.velocity.runtime.resource.ResourceCacheImpl)
Mon Aug 05 23:49:34 EDT 2019  [trace] Default ResourceManager initialization complete.
Mon Aug 05 23:49:34 EDT 2019  [debug] Loaded System Directive: org.apache.velocity.runtime.directive.Literal
Mon Aug 05 23:49:34 EDT 2019  [debug] Loaded System Directive: org.apache.velocity.runtime.directive.Macro
Mon Aug 05 23:49:34 EDT 2019  [debug] Loaded System Directive: org.apache.velocity.runtime.directive.Parse
Mon Aug 05 23:49:34 EDT 2019  [debug] Loaded System Directive: org.apache.velocity.runtime.directive.Include
Mon Aug 05 23:49:34 EDT 2019  [debug] Loaded System Directive: org.apache.velocity.runtime.directive.Foreach
Mon Aug 05 23:49:34 EDT 2019  [debug] Created '20' parsers.
Mon Aug 05 23:49:34 EDT 2019  [trace] Velocimacro : initialization starting.
Mon Aug 05 23:49:34 EDT 2019  [debug] Velocimacro : "velocimacro.library" is not set.  Trying default library: VM_global_library.vm
Mon Aug 05 23:49:34 EDT 2019  [debug] Velocimacro : Default library not found.
Mon Aug 05 23:49:34 EDT 2019  [debug] Velocimacro : allowInline = true : VMs can be defined inline in templates
Mon Aug 05 23:49:34 EDT 2019  [debug] Velocimacro : allowInlineToOverride = false : VMs defined inline may NOT replace previous VM definitions
Mon Aug 05 23:49:34 EDT 2019  [debug] Velocimacro : allowInlineLocal = false : VMs defined inline will be global in scope if allowed.
Mon Aug 05 23:49:34 EDT 2019  [debug] Velocimacro : autoload off : VM system will not automatically reload global library macros
Mon Aug 05 23:49:34 EDT 2019  [trace] Velocimacro : Velocimacro : initialization complete.
Mon Aug 05 23:49:34 EDT 2019  [trace] RuntimeInstance successfully initialized.
Mon Aug 05 23:49:34 EDT 2019   [info] Null reference [template '', line 3, column 3] : ${weather.city} cannot be resolved.
Mon Aug 05 23:49:34 EDT 2019   [info] Null reference [template '', line 3, column 20] : ${weather.region} cannot be resolved.
Mon Aug 05 23:49:34 EDT 2019   [info] Null reference [template '', line 3, column 39] : ${weather.country} cannot be resolved.
Mon Aug 05 23:49:34 EDT 2019   [info] Null reference [template '', line 5, column 15] : ${weather.temp} cannot be resolved.
Mon Aug 05 23:49:34 EDT 2019   [info] Null reference [template '', line 7, column 15] : ${weather.humidity} cannot be resolved.
Mon Aug 05 23:49:34 EDT 2019   [info] Null reference [template '', line 8, column 15] : ${weather.chill} cannot be resolved.
